C:\Program Files\Microsoft Visual Studio\2022\Community\MSBuild\Microsoft\VC\v170\Microsoft.CppBuild.targets(517,5): warning MSB8004: Output Directory does not end with a trailing slash.  This build instance will add the slash as it is required to allow proper evaluation of the Output Directory.
  gamestate.cpp
  level.cpp
C:\Users\fmono\OneDrive\Desktop\Thanos\tank-wars\TankWars\TankWars\level.cpp(26,101): warning C4244: 'return': conversion from 'double' to 'float', possible loss of data
C:\Users\fmono\OneDrive\Desktop\Thanos\tank-wars\TankWars\TankWars\level.cpp(27,105): warning C4244: 'return': conversion from 'double' to 'float', possible loss of data
C:\Users\fmono\OneDrive\Desktop\Thanos\tank-wars\TankWars\TankWars\level.cpp(28,104): warning C4244: 'return': conversion from 'double' to 'float', possible loss of data
C:\Users\fmono\OneDrive\Desktop\Thanos\tank-wars\TankWars\TankWars\level.cpp(29,88): warning C4244: 'return': conversion from 'double' to 'float', possible loss of data
C:\Users\fmono\OneDrive\Desktop\Thanos\tank-wars\TankWars\TankWars\level.cpp(30,89): warning C4244: 'return': conversion from 'double' to 'float', possible loss of data
C:\Users\fmono\OneDrive\Desktop\Thanos\tank-wars\TankWars\TankWars\level.cpp(31,88): warning C4244: 'return': conversion from 'double' to 'float', possible loss of data
C:\Users\fmono\OneDrive\Desktop\Thanos\tank-wars\TankWars\TankWars\level.cpp(32,104): warning C4244: 'return': conversion from 'double' to 'float', possible loss of data
C:\Users\fmono\OneDrive\Desktop\Thanos\tank-wars\TankWars\TankWars\level.cpp(33,98): warning C4244: 'return': conversion from 'double' to 'float', possible loss of data
C:\Users\fmono\OneDrive\Desktop\Thanos\tank-wars\TankWars\TankWars\level.cpp(34,86): warning C4244: 'return': conversion from 'double' to 'float', possible loss of data
  player.cpp
C:\Users\fmono\OneDrive\Desktop\Thanos\tank-wars\TankWars\TankWars\player.cpp(80,14): warning C4244: 'initializing': conversion from 'double' to 'float', possible loss of data
C:\Users\fmono\OneDrive\Desktop\Thanos\tank-wars\TankWars\TankWars\player.cpp(114,62): warning C4244: 'argument': conversion from 'double' to 'float', possible loss of data
C:\Users\fmono\OneDrive\Desktop\Thanos\tank-wars\TankWars\TankWars\player.cpp(114,47): warning C4244: 'argument': conversion from 'double' to 'float', possible loss of data
C:\Users\fmono\OneDrive\Desktop\Thanos\tank-wars\TankWars\TankWars\player.cpp(146,14): warning C4244: 'initializing': conversion from 'double' to 'float', possible loss of data
  shield.cpp
  shot.cpp
C:\Users\fmono\OneDrive\Desktop\Thanos\tank-wars\TankWars\TankWars\shot.cpp(140,22): warning C4244: '-=': conversion from 'double' to 'float', possible loss of data
  Generating Code...
  TankWars.vcxproj -> C:\Users\fmono\OneDrive\Desktop\Thanos\tank-wars\TankWars\bin\TankWars.exe
